Nov 11, 2015 2:33:57 AM org.apache.tomcat.util.digester.SetPropertiesRule begin
WARNING: [SetPropertiesRule]{Server/Service/Engine/Host/Context} Setting property 'source' to 'org.eclipse.jst.jee.server:MatriculasUEB' did not find a matching property.
Nov 11, 2015 2:33:57 AM org.apache.catalina.startup.VersionLoggerListener log
INFO: Server version:        Apache Tomcat/7.0.64
Nov 11, 2015 2:33:57 AM org.apache.catalina.startup.VersionLoggerListener log
INFO: Server built:          Aug 19 2015 17:18:06 UTC
Nov 11, 2015 2:33:57 AM org.apache.catalina.startup.VersionLoggerListener log
INFO: Server number:         7.0.64.0
Nov 11, 2015 2:33:57 AM org.apache.catalina.startup.VersionLoggerListener log
INFO: OS Name:               Mac OS X
Nov 11, 2015 2:33:57 AM org.apache.catalina.startup.VersionLoggerListener log
INFO: OS Version:            10.10.4
Nov 11, 2015 2:33:57 AM org.apache.catalina.startup.VersionLoggerListener log
INFO: Architecture:          x86_64
Nov 11, 2015 2:33:57 AM org.apache.catalina.startup.VersionLoggerListener log
INFO: Java Home:             /Library/Java/JavaVirtualMachines/jdk1.8.0_60.jdk/Contents/Home/jre
Nov 11, 2015 2:33:57 AM org.apache.catalina.startup.VersionLoggerListener log
INFO: JVM Version:           1.8.0_60-b27
Nov 11, 2015 2:33:57 AM org.apache.catalina.startup.VersionLoggerListener log
INFO: JVM Vendor:            Oracle Corporation
Nov 11, 2015 2:33:57 AM org.apache.catalina.startup.VersionLoggerListener log
INFO: CATALINA_BASE:         /Users/davidlinares/Documents/workspace/.metadata/.plugins/org.eclipse.wst.server.core/tmp0
Nov 11, 2015 2:33:57 AM org.apache.catalina.startup.VersionLoggerListener log
INFO: CATALINA_HOME:         /Users/davidlinares/Downloads/apache-tomcat-7.0.64
Nov 11, 2015 2:33:57 AM org.apache.catalina.startup.VersionLoggerListener log
INFO: Command line argument: -Dcatalina.base=/Users/davidlinares/Documents/workspace/.metadata/.plugins/org.eclipse.wst.server.core/tmp0
Nov 11, 2015 2:33:57 AM org.apache.catalina.startup.VersionLoggerListener log
INFO: Command line argument: -Dcatalina.home=/Users/davidlinares/Downloads/apache-tomcat-7.0.64
Nov 11, 2015 2:33:57 AM org.apache.catalina.startup.VersionLoggerListener log
INFO: Command line argument: -Dwtp.deploy=/Users/davidlinares/Documents/workspace/.metadata/.plugins/org.eclipse.wst.server.core/tmp0/wtpwebapps
Nov 11, 2015 2:33:57 AM org.apache.catalina.startup.VersionLoggerListener log
INFO: Command line argument: -Djava.endorsed.dirs=/Users/davidlinares/Downloads/apache-tomcat-7.0.64/endorsed
Nov 11, 2015 2:33:57 AM org.apache.catalina.startup.VersionLoggerListener log
INFO: Command line argument: -Dlog4j.configuration=Users/davidlinares/Documents/workspace/MatriculasUEB/log4j.xml
Nov 11, 2015 2:33:57 AM org.apache.catalina.startup.VersionLoggerListener log
INFO: Command line argument: -Dfile.encoding=UTF-8
Nov 11, 2015 2:33:57 AM org.apache.catalina.core.AprLifecycleListener lifecycleEvent
INFO: The APR based Apache Tomcat Native library which allows optimal performance in production environments was not found on the java.library.path: /Users/davidlinares/Library/Java/Extensions:/Library/Java/Extensions:/Network/Library/Java/Extensions:/System/Library/Java/Extensions:/usr/lib/java:.
Nov 11, 2015 2:33:57 AM org.apache.coyote.AbstractProtocol init
INFO: Initializing ProtocolHandler ["http-bio-8080"]
Nov 11, 2015 2:33:57 AM org.apache.coyote.AbstractProtocol init
INFO: Initializing ProtocolHandler ["ajp-bio-8009"]
Nov 11, 2015 2:33:57 AM org.apache.catalina.startup.Catalina load
INFO: Initialization processed in 1166 ms
Nov 11, 2015 2:33:57 AM org.apache.catalina.core.StandardService startInternal
INFO: Starting service Catalina
Nov 11, 2015 2:33:57 AM org.apache.catalina.core.StandardEngine startInternal
INFO: Starting Servlet Engine: Apache Tomcat/7.0.64
Nov 11, 2015 2:33:59 AM org.apache.catalina.startup.TldConfig execute
INFO: At least one JAR was scanned for TLDs yet contained no TLDs. Enable debug logging for this logger for a complete list of JARs that were scanned but no TLDs were found in them. Skipping unneeded JARs during scanning can improve startup time and JSP compilation time.
Nov 11, 2015 2:33:59 AM org.apache.catalina.core.StandardContext addApplicationListener
INFO: The listener "com.sun.faces.config.ConfigureListener" is already configured for this context. The duplicate definition has been ignored.
Nov 11, 2015 2:34:00 AM com.sun.faces.config.ConfigureListener contextInitialized
INFO: Initializing Mojarra 2.2.0 ( 20130502-2118 https://svn.java.net/svn/mojarra~svn/tags/2.2.0@11930) for context '/MatriculasUEB'
Nov 11, 2015 2:34:00 AM com.sun.faces.spi.InjectionProviderFactory createInstance
INFO: JSF1048: PostConstruct/PreDestroy annotations present.  ManagedBeans methods marked with these annotations will have said annotations processed.
Nov 11, 2015 2:34:01 AM com.sun.faces.config.processor.NavigationConfigProcessor addNavigationCasesForRule
WARNING: JSF1058: The resource referred to by to-view-id, 'Modulos/estudiante.xhtml', for navigation from '*', does not start with '/'.  This will be added for you, but it should be corrected.
Nov 11, 2015 2:34:01 AM com.sun.faces.config.processor.NavigationConfigProcessor addNavigationCasesForRule
WARNING: JSF1058: The resource referred to by to-view-id, 'Modulos/carrera.xhtml', for navigation from '*', does not start with '/'.  This will be added for you, but it should be corrected.
Nov 11, 2015 2:34:01 AM com.sun.faces.config.processor.NavigationConfigProcessor addNavigationCasesForRule
WARNING: JSF1058: The resource referred to by to-view-id, 'Modulos/facultad.xhtml', for navigation from '*', does not start with '/'.  This will be added for you, but it should be corrected.
Nov 11, 2015 2:34:01 AM com.sun.faces.config.processor.NavigationConfigProcessor addNavigationCasesForRule
WARNING: JSF1058: The resource referred to by to-view-id, 'Modulos/login.xhtml', for navigation from '*', does not start with '/'.  This will be added for you, but it should be corrected.
Nov 11, 2015 2:34:01 AM com.sun.faces.config.processor.NavigationConfigProcessor addNavigationCasesForRule
WARNING: JSF1058: The resource referred to by to-view-id, 'Modulos/matricula.xhtml', for navigation from '*', does not start with '/'.  This will be added for you, but it should be corrected.
Nov 11, 2015 2:34:01 AM com.sun.faces.config.processor.NavigationConfigProcessor addNavigationCasesForRule
WARNING: JSF1058: The resource referred to by to-view-id, 'Modulos/materia.xhtml', for navigation from '*', does not start with '/'.  This will be added for you, but it should be corrected.
Nov 11, 2015 2:34:01 AM org.apache.catalina.session.StandardManager doLoad
SEVERE: IOException while loading persisted sessions: java.io.WriteAbortedException: writing aborted; java.io.NotSerializableException: org.apache.log4j.Logger
java.io.WriteAbortedException: writing aborted; java.io.NotSerializableException: org.apache.log4j.Logger
	at java.io.ObjectInputStream.readObject0(ObjectInputStream.java:1355)
	at java.io.ObjectInputStream.defaultReadFields(ObjectInputStream.java:2000)
	at java.io.ObjectInputStream.readSerialData(ObjectInputStream.java:1924)
	at java.io.ObjectInputStream.readOrdinaryObject(ObjectInputStream.java:1801)
	at java.io.ObjectInputStream.readObject0(ObjectInputStream.java:1351)
	at java.io.ObjectInputStream.readObject(ObjectInputStream.java:371)
	at org.apache.catalina.session.StandardSession.readObject(StandardSession.java:1619)
	at org.apache.catalina.session.StandardSession.readObjectData(StandardSession.java:1084)
	at org.apache.catalina.session.StandardManager.doLoad(StandardManager.java:282)
	at org.apache.catalina.session.StandardManager.load(StandardManager.java:202)
	at org.apache.catalina.session.StandardManager.startInternal(StandardManager.java:489)
	at org.apache.catalina.util.LifecycleBase.start(LifecycleBase.java:150)
	at org.apache.catalina.core.StandardContext.startInternal(StandardContext.java:5526)
	at org.apache.catalina.util.LifecycleBase.start(LifecycleBase.java:150)
	at org.apache.catalina.core.ContainerBase$StartChild.call(ContainerBase.java:1574)
	at org.apache.catalina.core.ContainerBase$StartChild.call(ContainerBase.java:1564)
	at java.util.concurrent.FutureTask.run(FutureTask.java:266)
	at java.util.concurrent.ThreadPoolExecutor.runWorker(ThreadPoolExecutor.java:1142)
	at java.util.concurrent.ThreadPoolExecutor$Worker.run(ThreadPoolExecutor.java:617)
	at java.lang.Thread.run(Thread.java:745)
Caused by: java.io.NotSerializableException: org.apache.log4j.Logger
	at java.io.ObjectOutputStream.writeObject0(ObjectOutputStream.java:1184)
	at java.io.ObjectOutputStream.defaultWriteFields(ObjectOutputStream.java:1548)
	at java.io.ObjectOutputStream.writeSerialData(ObjectOutputStream.java:1509)
	at java.io.ObjectOutputStream.writeOrdinaryObject(ObjectOutputStream.java:1432)
	at java.io.ObjectOutputStream.writeObject0(ObjectOutputStream.java:1178)
	at java.io.ObjectOutputStream.writeObject(ObjectOutputStream.java:348)
	at org.apache.catalina.session.StandardSession.writeObject(StandardSession.java:1695)
	at org.apache.catalina.session.StandardSession.writeObjectData(StandardSession.java:1101)
	at org.apache.catalina.session.StandardManager.doUnload(StandardManager.java:430)
	at org.apache.catalina.session.StandardManager.unload(StandardManager.java:351)
	at org.apache.catalina.session.StandardManager.stopInternal(StandardManager.java:516)
	at org.apache.catalina.util.LifecycleBase.stop(LifecycleBase.java:232)
	at org.apache.catalina.core.StandardContext.stopInternal(StandardContext.java:5708)
	at org.apache.catalina.util.LifecycleBase.stop(LifecycleBase.java:232)
	at org.apache.catalina.core.ContainerBase$StopChild.call(ContainerBase.java:1590)
	at org.apache.catalina.core.ContainerBase$StopChild.call(ContainerBase.java:1579)
	... 4 more

Nov 11, 2015 2:34:01 AM org.apache.catalina.session.StandardManager startInternal
SEVERE: Exception loading sessions from persistent storage
java.io.WriteAbortedException: writing aborted; java.io.NotSerializableException: org.apache.log4j.Logger
	at java.io.ObjectInputStream.readObject0(ObjectInputStream.java:1355)
	at java.io.ObjectInputStream.defaultReadFields(ObjectInputStream.java:2000)
	at java.io.ObjectInputStream.readSerialData(ObjectInputStream.java:1924)
	at java.io.ObjectInputStream.readOrdinaryObject(ObjectInputStream.java:1801)
	at java.io.ObjectInputStream.readObject0(ObjectInputStream.java:1351)
	at java.io.ObjectInputStream.readObject(ObjectInputStream.java:371)
	at org.apache.catalina.session.StandardSession.readObject(StandardSession.java:1619)
	at org.apache.catalina.session.StandardSession.readObjectData(StandardSession.java:1084)
	at org.apache.catalina.session.StandardManager.doLoad(StandardManager.java:282)
	at org.apache.catalina.session.StandardManager.load(StandardManager.java:202)
	at org.apache.catalina.session.StandardManager.startInternal(StandardManager.java:489)
	at org.apache.catalina.util.LifecycleBase.start(LifecycleBase.java:150)
	at org.apache.catalina.core.StandardContext.startInternal(StandardContext.java:5526)
	at org.apache.catalina.util.LifecycleBase.start(LifecycleBase.java:150)
	at org.apache.catalina.core.ContainerBase$StartChild.call(ContainerBase.java:1574)
	at org.apache.catalina.core.ContainerBase$StartChild.call(ContainerBase.java:1564)
	at java.util.concurrent.FutureTask.run(FutureTask.java:266)
	at java.util.concurrent.ThreadPoolExecutor.runWorker(ThreadPoolExecutor.java:1142)
	at java.util.concurrent.ThreadPoolExecutor$Worker.run(ThreadPoolExecutor.java:617)
	at java.lang.Thread.run(Thread.java:745)
Caused by: java.io.NotSerializableException: org.apache.log4j.Logger
	at java.io.ObjectOutputStream.writeObject0(ObjectOutputStream.java:1184)
	at java.io.ObjectOutputStream.defaultWriteFields(ObjectOutputStream.java:1548)
	at java.io.ObjectOutputStream.writeSerialData(ObjectOutputStream.java:1509)
	at java.io.ObjectOutputStream.writeOrdinaryObject(ObjectOutputStream.java:1432)
	at java.io.ObjectOutputStream.writeObject0(ObjectOutputStream.java:1178)
	at java.io.ObjectOutputStream.writeObject(ObjectOutputStream.java:348)
	at org.apache.catalina.session.StandardSession.writeObject(StandardSession.java:1695)
	at org.apache.catalina.session.StandardSession.writeObjectData(StandardSession.java:1101)
	at org.apache.catalina.session.StandardManager.doUnload(StandardManager.java:430)
	at org.apache.catalina.session.StandardManager.unload(StandardManager.java:351)
	at org.apache.catalina.session.StandardManager.stopInternal(StandardManager.java:516)
	at org.apache.catalina.util.LifecycleBase.stop(LifecycleBase.java:232)
	at org.apache.catalina.core.StandardContext.stopInternal(StandardContext.java:5708)
	at org.apache.catalina.util.LifecycleBase.stop(LifecycleBase.java:232)
	at org.apache.catalina.core.ContainerBase$StopChild.call(ContainerBase.java:1590)
	at org.apache.catalina.core.ContainerBase$StopChild.call(ContainerBase.java:1579)
	... 4 more

log4j:WARN No appenders could be found for logger (org.apache.axis.transport.http.AxisServlet).
log4j:WARN Please initialize the log4j system properly.
log4j:WARN See http://logging.apache.org/log4j/1.2/faq.html#noconfig for more info.
Nov 11, 2015 2:34:01 AM org.apache.coyote.AbstractProtocol start
INFO: Starting ProtocolHandler ["http-bio-8080"]
Nov 11, 2015 2:34:01 AM org.apache.coyote.AbstractProtocol start
INFO: Starting ProtocolHandler ["ajp-bio-8009"]
Nov 11, 2015 2:34:01 AM org.apache.catalina.startup.Catalina start
INFO: Server startup in 4336 ms
Nov 11, 2015 2:34:13 AM co.ueb.matriculas.logical.PersonaLogical verificarDatos
INFO: verificarDatos Persona [idPersona=null, perfil=null, nombrePersona=null, apellidosPersona=null, fechaNacimiento=null, lugarNacimiento=null, direccion=null, correoElectronico=null, estadoPersona=null, promedio=null, usuario=admin, contrasena=827ccb0eea8a706c4c34a16891f84e7b, matriculas=[], carreraEstudiantes=[], telefonoses=[]]
Nov 11, 2015 2:34:16 AM co.ueb.matriculas.logical.PersonaLogical verificarDatos
INFO: 827ccb0eea8a706c4c34a16891f84e7b
Nov 11, 2015 2:34:16 AM co.ueb.matriculas.logical.PersonaLogical verificarDatos
INFO: FROM Persona WHERE usuario= 'admin' and contrasena = '827ccb0eea8a706c4c34a16891f84e7b' and estadoPersona= '1'
Nov 11, 2015 2:36:12 AM org.apache.catalina.core.StandardContext reload
INFO: Reloading Context with name [/MatriculasUEB] has started
Nov 11, 2015 2:36:12 AM org.apache.catalina.session.StandardSession writeObject
WARNING: Cannot serialize session attribute loginBean for session 614332DB52D3D6020FD9840780455F57
java.io.NotSerializableException: org.apache.log4j.Logger
	at java.io.ObjectOutputStream.writeObject0(ObjectOutputStream.java:1184)
	at java.io.ObjectOutputStream.defaultWriteFields(ObjectOutputStream.java:1548)
	at java.io.ObjectOutputStream.writeSerialData(ObjectOutputStream.java:1509)
	at java.io.ObjectOutputStream.writeOrdinaryObject(ObjectOutputStream.java:1432)
	at java.io.ObjectOutputStream.writeObject0(ObjectOutputStream.java:1178)
	at java.io.ObjectOutputStream.writeObject(ObjectOutputStream.java:348)
	at org.apache.catalina.session.StandardSession.writeObject(StandardSession.java:1695)
	at org.apache.catalina.session.StandardSession.writeObjectData(StandardSession.java:1101)
	at org.apache.catalina.session.StandardManager.doUnload(StandardManager.java:430)
	at org.apache.catalina.session.StandardManager.unload(StandardManager.java:351)
	at org.apache.catalina.session.StandardManager.stopInternal(StandardManager.java:516)
	at org.apache.catalina.util.LifecycleBase.stop(LifecycleBase.java:232)
	at org.apache.catalina.core.StandardContext.stopInternal(StandardContext.java:5708)
	at org.apache.catalina.util.LifecycleBase.stop(LifecycleBase.java:232)
	at org.apache.catalina.core.StandardContext.reload(StandardContext.java:4013)
	at org.apache.catalina.loader.WebappLoader.backgroundProcess(WebappLoader.java:425)
	at org.apache.catalina.core.ContainerBase.backgroundProcess(ContainerBase.java:1344)
	at org.apache.catalina.core.ContainerBase$ContainerBackgroundProcessor.processChildren(ContainerBase.java:1545)
	at org.apache.catalina.core.ContainerBase$ContainerBackgroundProcessor.processChildren(ContainerBase.java:1555)
	at org.apache.catalina.core.ContainerBase$ContainerBackgroundProcessor.processChildren(ContainerBase.java:1555)
	at org.apache.catalina.core.ContainerBase$ContainerBackgroundProcessor.run(ContainerBase.java:1523)
	at java.lang.Thread.run(Thread.java:745)

Nov 11, 2015 2:36:12 AM org.apache.catalina.session.StandardSession writeObject
WARNING: Cannot serialize session attribute facultadBean for session 614332DB52D3D6020FD9840780455F57
java.io.NotSerializableException: co.ueb.matriculas.logical.FacultadLogical
	at java.io.ObjectOutputStream.writeObject0(ObjectOutputStream.java:1184)
	at java.io.ObjectOutputStream.defaultWriteFields(ObjectOutputStream.java:1548)
	at java.io.ObjectOutputStream.writeSerialData(ObjectOutputStream.java:1509)
	at java.io.ObjectOutputStream.writeOrdinaryObject(ObjectOutputStream.java:1432)
	at java.io.ObjectOutputStream.writeObject0(ObjectOutputStream.java:1178)
	at java.io.ObjectOutputStream.writeObject(ObjectOutputStream.java:348)
	at org.apache.catalina.session.StandardSession.writeObject(StandardSession.java:1695)
	at org.apache.catalina.session.StandardSession.writeObjectData(StandardSession.java:1101)
	at org.apache.catalina.session.StandardManager.doUnload(StandardManager.java:430)
	at org.apache.catalina.session.StandardManager.unload(StandardManager.java:351)
	at org.apache.catalina.session.StandardManager.stopInternal(StandardManager.java:516)
	at org.apache.catalina.util.LifecycleBase.stop(LifecycleBase.java:232)
	at org.apache.catalina.core.StandardContext.stopInternal(StandardContext.java:5708)
	at org.apache.catalina.util.LifecycleBase.stop(LifecycleBase.java:232)
	at org.apache.catalina.core.StandardContext.reload(StandardContext.java:4013)
	at org.apache.catalina.loader.WebappLoader.backgroundProcess(WebappLoader.java:425)
	at org.apache.catalina.core.ContainerBase.backgroundProcess(ContainerBase.java:1344)
	at org.apache.catalina.core.ContainerBase$ContainerBackgroundProcessor.processChildren(ContainerBase.java:1545)
	at org.apache.catalina.core.ContainerBase$ContainerBackgroundProcessor.processChildren(ContainerBase.java:1555)
	at org.apache.catalina.core.ContainerBase$ContainerBackgroundProcessor.processChildren(ContainerBase.java:1555)
	at org.apache.catalina.core.ContainerBase$ContainerBackgroundProcessor.run(ContainerBase.java:1523)
	at java.lang.Thread.run(Thread.java:745)

Nov 11, 2015 2:36:12 AM org.apache.catalina.loader.WebappClassLoader clearReferencesJdbc
SEVERE: The web application [/MatriculasUEB] registered the JDBC driver [oracle.jdbc.OracleDriver] but failed to unregister it when the web application was stopped. To prevent a memory leak, the JDBC Driver has been forcibly unregistered.
Nov 11, 2015 2:36:12 AM org.apache.catalina.loader.WebappClassLoader clearReferencesThreads
SEVERE: The web application [/MatriculasUEB] appears to have started a thread named [pool-1-thread-1] but has failed to stop it. This is very likely to create a memory leak.
Nov 11, 2015 2:36:13 AM org.apache.catalina.startup.TldConfig execute
INFO: At least one JAR was scanned for TLDs yet contained no TLDs. Enable debug logging for this logger for a complete list of JARs that were scanned but no TLDs were found in them. Skipping unneeded JARs during scanning can improve startup time and JSP compilation time.
Nov 11, 2015 2:36:13 AM org.apache.catalina.core.StandardContext addApplicationListener
INFO: The listener "com.sun.faces.config.ConfigureListener" is already configured for this context. The duplicate definition has been ignored.
Nov 11, 2015 2:36:13 AM com.sun.faces.config.ConfigureListener contextInitialized
INFO: Initializing Mojarra 2.2.0 ( 20130502-2118 https://svn.java.net/svn/mojarra~svn/tags/2.2.0@11930) for context '/MatriculasUEB'
Nov 11, 2015 2:36:13 AM com.sun.faces.spi.InjectionProviderFactory createInstance
INFO: JSF1048: PostConstruct/PreDestroy annotations present.  ManagedBeans methods marked with these annotations will have said annotations processed.
Nov 11, 2015 2:36:14 AM com.sun.faces.config.processor.NavigationConfigProcessor addNavigationCasesForRule
WARNING: JSF1058: The resource referred to by to-view-id, 'Modulos/estudiante.xhtml', for navigation from '*', does not start with '/'.  This will be added for you, but it should be corrected.
Nov 11, 2015 2:36:14 AM com.sun.faces.config.processor.NavigationConfigProcessor addNavigationCasesForRule
WARNING: JSF1058: The resource referred to by to-view-id, 'Modulos/carrera.xhtml', for navigation from '*', does not start with '/'.  This will be added for you, but it should be corrected.
Nov 11, 2015 2:36:14 AM com.sun.faces.config.processor.NavigationConfigProcessor addNavigationCasesForRule
WARNING: JSF1058: The resource referred to by to-view-id, 'Modulos/facultad.xhtml', for navigation from '*', does not start with '/'.  This will be added for you, but it should be corrected.
Nov 11, 2015 2:36:14 AM com.sun.faces.config.processor.NavigationConfigProcessor addNavigationCasesForRule
WARNING: JSF1058: The resource referred to by to-view-id, 'Modulos/login.xhtml', for navigation from '*', does not start with '/'.  This will be added for you, but it should be corrected.
Nov 11, 2015 2:36:14 AM com.sun.faces.config.processor.NavigationConfigProcessor addNavigationCasesForRule
WARNING: JSF1058: The resource referred to by to-view-id, 'Modulos/matricula.xhtml', for navigation from '*', does not start with '/'.  This will be added for you, but it should be corrected.
Nov 11, 2015 2:36:14 AM com.sun.faces.config.processor.NavigationConfigProcessor addNavigationCasesForRule
WARNING: JSF1058: The resource referred to by to-view-id, 'Modulos/materia.xhtml', for navigation from '*', does not start with '/'.  This will be added for you, but it should be corrected.
Nov 11, 2015 2:36:14 AM org.apache.catalina.session.StandardManager doLoad
SEVERE: IOException while loading persisted sessions: java.io.WriteAbortedException: writing aborted; java.io.NotSerializableException: org.apache.log4j.Logger
java.io.WriteAbortedException: writing aborted; java.io.NotSerializableException: org.apache.log4j.Logger
	at java.io.ObjectInputStream.readObject0(ObjectInputStream.java:1355)
	at java.io.ObjectInputStream.defaultReadFields(ObjectInputStream.java:2000)
	at java.io.ObjectInputStream.readSerialData(ObjectInputStream.java:1924)
	at java.io.ObjectInputStream.readOrdinaryObject(ObjectInputStream.java:1801)
	at java.io.ObjectInputStream.readObject0(ObjectInputStream.java:1351)
	at java.io.ObjectInputStream.readObject(ObjectInputStream.java:371)
	at org.apache.catalina.session.StandardSession.readObject(StandardSession.java:1619)
	at org.apache.catalina.session.StandardSession.readObjectData(StandardSession.java:1084)
	at org.apache.catalina.session.StandardManager.doLoad(StandardManager.java:282)
	at org.apache.catalina.session.StandardManager.load(StandardManager.java:202)
	at org.apache.catalina.session.StandardManager.startInternal(StandardManager.java:489)
	at org.apache.catalina.util.LifecycleBase.start(LifecycleBase.java:150)
	at org.apache.catalina.core.StandardContext.startInternal(StandardContext.java:5526)
	at org.apache.catalina.util.LifecycleBase.start(LifecycleBase.java:150)
	at org.apache.catalina.core.StandardContext.reload(StandardContext.java:4020)
	at org.apache.catalina.loader.WebappLoader.backgroundProcess(WebappLoader.java:425)
	at org.apache.catalina.core.ContainerBase.backgroundProcess(ContainerBase.java:1344)
	at org.apache.catalina.core.ContainerBase$ContainerBackgroundProcessor.processChildren(ContainerBase.java:1545)
	at org.apache.catalina.core.ContainerBase$ContainerBackgroundProcessor.processChildren(ContainerBase.java:1555)
	at org.apache.catalina.core.ContainerBase$ContainerBackgroundProcessor.processChildren(ContainerBase.java:1555)
	at org.apache.catalina.core.ContainerBase$ContainerBackgroundProcessor.run(ContainerBase.java:1523)
	at java.lang.Thread.run(Thread.java:745)
Caused by: java.io.NotSerializableException: org.apache.log4j.Logger
	at java.io.ObjectOutputStream.writeObject0(ObjectOutputStream.java:1184)
	at java.io.ObjectOutputStream.defaultWriteFields(ObjectOutputStream.java:1548)
	at java.io.ObjectOutputStream.writeSerialData(ObjectOutputStream.java:1509)
	at java.io.ObjectOutputStream.writeOrdinaryObject(ObjectOutputStream.java:1432)
	at java.io.ObjectOutputStream.writeObject0(ObjectOutputStream.java:1178)
	at java.io.ObjectOutputStream.writeObject(ObjectOutputStream.java:348)
	at org.apache.catalina.session.StandardSession.writeObject(StandardSession.java:1695)
	at org.apache.catalina.session.StandardSession.writeObjectData(StandardSession.java:1101)
	at org.apache.catalina.session.StandardManager.doUnload(StandardManager.java:430)
	at org.apache.catalina.session.StandardManager.unload(StandardManager.java:351)
	at org.apache.catalina.session.StandardManager.stopInternal(StandardManager.java:516)
	at org.apache.catalina.util.LifecycleBase.stop(LifecycleBase.java:232)
	at org.apache.catalina.core.StandardContext.stopInternal(StandardContext.java:5708)
	at org.apache.catalina.util.LifecycleBase.stop(LifecycleBase.java:232)
	at org.apache.catalina.core.StandardContext.reload(StandardContext.java:4013)
	... 7 more

Nov 11, 2015 2:36:14 AM org.apache.catalina.session.StandardManager startInternal
SEVERE: Exception loading sessions from persistent storage
java.io.WriteAbortedException: writing aborted; java.io.NotSerializableException: org.apache.log4j.Logger
	at java.io.ObjectInputStream.readObject0(ObjectInputStream.java:1355)
	at java.io.ObjectInputStream.defaultReadFields(ObjectInputStream.java:2000)
	at java.io.ObjectInputStream.readSerialData(ObjectInputStream.java:1924)
	at java.io.ObjectInputStream.readOrdinaryObject(ObjectInputStream.java:1801)
	at java.io.ObjectInputStream.readObject0(ObjectInputStream.java:1351)
	at java.io.ObjectInputStream.readObject(ObjectInputStream.java:371)
	at org.apache.catalina.session.StandardSession.readObject(StandardSession.java:1619)
	at org.apache.catalina.session.StandardSession.readObjectData(StandardSession.java:1084)
	at org.apache.catalina.session.StandardManager.doLoad(StandardManager.java:282)
	at org.apache.catalina.session.StandardManager.load(StandardManager.java:202)
	at org.apache.catalina.session.StandardManager.startInternal(StandardManager.java:489)
	at org.apache.catalina.util.LifecycleBase.start(LifecycleBase.java:150)
	at org.apache.catalina.core.StandardContext.startInternal(StandardContext.java:5526)
	at org.apache.catalina.util.LifecycleBase.start(LifecycleBase.java:150)
	at org.apache.catalina.core.StandardContext.reload(StandardContext.java:4020)
	at org.apache.catalina.loader.WebappLoader.backgroundProcess(WebappLoader.java:425)
	at org.apache.catalina.core.ContainerBase.backgroundProcess(ContainerBase.java:1344)
	at org.apache.catalina.core.ContainerBase$ContainerBackgroundProcessor.processChildren(ContainerBase.java:1545)
	at org.apache.catalina.core.ContainerBase$ContainerBackgroundProcessor.processChildren(ContainerBase.java:1555)
	at org.apache.catalina.core.ContainerBase$ContainerBackgroundProcessor.processChildren(ContainerBase.java:1555)
	at org.apache.catalina.core.ContainerBase$ContainerBackgroundProcessor.run(ContainerBase.java:1523)
	at java.lang.Thread.run(Thread.java:745)
Caused by: java.io.NotSerializableException: org.apache.log4j.Logger
	at java.io.ObjectOutputStream.writeObject0(ObjectOutputStream.java:1184)
	at java.io.ObjectOutputStream.defaultWriteFields(ObjectOutputStream.java:1548)
	at java.io.ObjectOutputStream.writeSerialData(ObjectOutputStream.java:1509)
	at java.io.ObjectOutputStream.writeOrdinaryObject(ObjectOutputStream.java:1432)
	at java.io.ObjectOutputStream.writeObject0(ObjectOutputStream.java:1178)
	at java.io.ObjectOutputStream.writeObject(ObjectOutputStream.java:348)
	at org.apache.catalina.session.StandardSession.writeObject(StandardSession.java:1695)
	at org.apache.catalina.session.StandardSession.writeObjectData(StandardSession.java:1101)
	at org.apache.catalina.session.StandardManager.doUnload(StandardManager.java:430)
	at org.apache.catalina.session.StandardManager.unload(StandardManager.java:351)
	at org.apache.catalina.session.StandardManager.stopInternal(StandardManager.java:516)
	at org.apache.catalina.util.LifecycleBase.stop(LifecycleBase.java:232)
	at org.apache.catalina.core.StandardContext.stopInternal(StandardContext.java:5708)
	at org.apache.catalina.util.LifecycleBase.stop(LifecycleBase.java:232)
	at org.apache.catalina.core.StandardContext.reload(StandardContext.java:4013)
	... 7 more

log4j:WARN No appenders could be found for logger (org.apache.axis.transport.http.AxisServlet).
log4j:WARN Please initialize the log4j system properly.
log4j:WARN See http://logging.apache.org/log4j/1.2/faq.html#noconfig for more info.
Nov 11, 2015 2:36:14 AM org.apache.catalina.core.StandardContext reload
INFO: Reloading Context with name [/MatriculasUEB] is completed
Nov 11, 2015 2:37:18 AM org.apache.catalina.core.StandardServer await
INFO: A valid shutdown command was received via the shutdown port. Stopping the Server instance.
Nov 11, 2015 2:37:18 AM org.apache.coyote.AbstractProtocol pause
INFO: Pausing ProtocolHandler ["http-bio-8080"]
Nov 11, 2015 2:37:18 AM org.apache.coyote.AbstractProtocol pause
INFO: Pausing ProtocolHandler ["ajp-bio-8009"]
Nov 11, 2015 2:37:18 AM org.apache.catalina.core.StandardService stopInternal
INFO: Stopping service Catalina
Nov 11, 2015 2:37:18 AM org.apache.coyote.AbstractProtocol stop
INFO: Stopping ProtocolHandler ["http-bio-8080"]
Nov 11, 2015 2:37:18 AM org.apache.coyote.AbstractProtocol stop
INFO: Stopping ProtocolHandler ["ajp-bio-8009"]
Nov 11, 2015 2:37:18 AM org.apache.coyote.AbstractProtocol destroy
INFO: Destroying ProtocolHandler ["http-bio-8080"]
Nov 11, 2015 2:37:18 AM org.apache.coyote.AbstractProtocol destroy
INFO: Destroying ProtocolHandler ["ajp-bio-8009"]
